# JRE version: Java(TM) SE Runtime Environment (8.0_191-b12) (build 1.8.0_191-b12)
# Java VM: Java HotSpot(TM) Client VM (25.191-b12 mixed mode windows-x86 )
Heap:
 def new generation   total 85312K, used 54154K [0x05c00000, 0x0b890000, 0x106a0000)
  eden space 75840K,  64% used [0x05c00000, 0x08b7d610, 0x0a610000)
  from space 9472K,  58% used [0x0af50000, 0x0b4b5480, 0x0b890000)
  to   space 9472K,   0% used [0x0a610000, 0x0a610000, 0x0af50000)
 tenured generation   total 189440K, used 183233K [0x106a0000, 0x1bfa0000, 0x25c00000)
   the space 189440K,  96% used [0x106a0000, 0x1b9904d8, 0x1b990600, 0x1bfa0000)
 Metaspace       used 23548K, capacity 24181K, committed 24192K, reserved 24960K
GC Heap History (10 events):
Event: 7139.171 GC heap before
{Heap before GC invocations=126 (full 9):
 def new generation   total 85312K, used 85312K [0x05c00000, 0x0b890000, 0x106a0000)
  eden space 75840K, 100% used [0x05c00000, 0x0a610000, 0x0a610000)
  from space 9472K, 100% used [0x0a610000, 0x0af50000, 0x0af50000)
  to   space 9472K,   0% used [0x0af50000, 0x0af50000, 0x0b890000)
 tenured generation   total 189440K, used 172984K [0x106a0000, 0x1bfa0000, 0x25c00000)
   the space 189440K,  91% used [0x106a0000, 0x1af8e3f0, 0x1af8e400, 0x1bfa0000)
 Metaspace       used 23541K, capacity 24174K, committed 24192K, reserved 24960K
Event: 7139.186 GC heap after
Heap after GC invocations=127 (full 9):
 def new generation   total 85312K, used 784K [0x05c00000, 0x0b890000, 0x106a0000)
  eden space 75840K,   0% used [0x05c00000, 0x05c00000, 0x0a610000)
  from space 9472K,   8% used [0x0af50000, 0x0b014020, 0x0b890000)
  to   space 9472K,   0% used [0x0a610000, 0x0a610000, 0x0af50000)
 tenured generation   total 189440K, used 182454K [0x106a0000, 0x1bfa0000, 0x25c00000)
   the space 189440K,  96% used [0x106a0000, 0x1b8cdb70, 0x1b8cdc00, 0x1bfa0000)
 Metaspace       used 23541K, capacity 24174K, committed 24192K, reserved 24960K
}
Event: 7139.720 GC heap before
{Heap before GC invocations=127 (full 9):
 def new generation   total 85312K, used 76624K [0x05c00000, 0x0b890000, 0x106a0000)
  eden space 75840K, 100% used [0x05c00000, 0x0a610000, 0x0a610000)
  from space 9472K,   8% used [0x0af50000, 0x0b014020, 0x0b890000)
  to   space 9472K,   0% used [0x0a610000, 0x0a610000, 0x0af50000)
 tenured generation   total 189440K, used 182454K [0x106a0000, 0x1bfa0000, 0x25c00000)
   the space 189440K,  96% used [0x106a0000, 0x1b8cdb70, 0x1b8cdc00, 0x1bfa0000)
 Metaspace       used 23541K, capacity 24174K, committed 24192K, reserved 24960K
Event: 7139.725 GC heap after
Heap after GC invocations=128 (full 9):
 def new generation   total 85312K, used 1517K [0x05c00000, 0x0b890000, 0x106a0000)
  eden space 75840K,   0% used [0x05c00000, 0x05c00000, 0x0a610000)
  from space 9472K,  16% used [0x0a610000, 0x0a78b4c8, 0x0af50000)
  to   space 9472K,   0% used [0x0af50000, 0x0af50000, 0x0b890000)
 tenured generation   total 189440K, used 182454K [0x106a0000, 0x1bfa0000, 0x25c00000)
   the space 189440K,  96% used [0x106a0000, 0x1b8cdb70, 0x1b8cdc00, 0x1bfa0000)
 Metaspace       used 23541K, capacity 24174K, committed 24192K, reserved 24960K
}
Event: 7140.510 GC heap before
{Heap before GC invocations=128 (full 9):
 def new generation   total 85312K, used 77357K [0x05c00000, 0x0b890000, 0x106a0000)
  eden space 75840K, 100% used [0x05c00000, 0x0a610000, 0x0a610000)
  from space 9472K,  16% used [0x0a610000, 0x0a78b4c8, 0x0af50000)
  to   space 9472K,   0% used [0x0af50000, 0x0af50000, 0x0b890000)
 tenured generation   total 189440K, used 182454K [0x106a0000, 0x1bfa0000, 0x25c00000)
   the space 189440K,  96% used [0x106a0000, 0x1b8cdb70, 0x1b8cdc00, 0x1bfa0000)
 Metaspace       used 23541K, capacity 24174K, committed 24192K, reserved 24960K
Event: 7140.516 GC heap after
Heap after GC invocations=129 (full 9):
 def new generation   total 85312K, used 2242K [0x05c00000, 0x0b890000, 0x106a0000)
  eden space 75840K,   0% used [0x05c00000, 0x05c00000, 0x0a610000)
  from space 9472K,  23% used [0x0af50000, 0x0b180970, 0x0b890000)
  to   space 9472K,   0% used [0x0a610000, 0x0a610000, 0x0af50000)
 tenured generation   total 189440K, used 182454K [0x106a0000, 0x1bfa0000, 0x25c00000)
   the space 189440K,  96% used [0x106a0000, 0x1b8cdb70, 0x1b8cdc00, 0x1bfa0000)
 Metaspace       used 23541K, capacity 24174K, committed 24192K, reserved 24960K
}
Event: 7237.998 GC heap before
{Heap before GC invocations=129 (full 9):
 def new generation   total 85312K, used 78082K [0x05c00000, 0x0b890000, 0x106a0000)
  eden space 75840K, 100% used [0x05c00000, 0x0a610000, 0x0a610000)
  from space 9472K,  23% used [0x0af50000, 0x0b180970, 0x0b890000)
  to   space 9472K,   0% used [0x0a610000, 0x0a610000, 0x0af50000)
 tenured generation   total 189440K, used 182454K [0x106a0000, 0x1bfa0000, 0x25c00000)
   the space 189440K,  96% used [0x106a0000, 0x1b8cdb70, 0x1b8cdc00, 0x1bfa0000)
 Metaspace       used 23544K, capacity 24178K, committed 24192K, reserved 24960K
Event: 7238.015 GC heap after
Heap after GC invocations=130 (full 9):
 def new generation   total 85312K, used 5294K [0x05c00000, 0x0b890000, 0x106a0000)
  eden space 75840K,   0% used [0x05c00000, 0x05c00000, 0x0a610000)
  from space 9472K,  55% used [0x0a610000, 0x0ab3bad0, 0x0af50000)
  to   space 9472K,   0% used [0x0af50000, 0x0af50000, 0x0b890000)
 tenured generation   total 189440K, used 182454K [0x106a0000, 0x1bfa0000, 0x25c00000)
   the space 189440K,  96% used [0x106a0000, 0x1b8cdb70, 0x1b8cdc00, 0x1bfa0000)
 Metaspace       used 23544K, capacity 24178K, committed 24192K, reserved 24960K
}
Event: 7916.043 GC heap before
{Heap before GC invocations=130 (full 9):
 def new generation   total 85312K, used 81134K [0x05c00000, 0x0b890000, 0x106a0000)
  eden space 75840K, 100% used [0x05c00000, 0x0a610000, 0x0a610000)
  from space 9472K,  55% used [0x0a610000, 0x0ab3bad0, 0x0af50000)
  to   space 9472K,   0% used [0x0af50000, 0x0af50000, 0x0b890000)
 tenured generation   total 189440K, used 182454K [0x106a0000, 0x1bfa0000, 0x25c00000)
   the space 189440K,  96% used [0x106a0000, 0x1b8cdb70, 0x1b8cdc00, 0x1bfa0000)
 Metaspace       used 23546K, capacity 24178K, committed 24192K, reserved 24960K
Event: 7916.136 GC heap after
Heap after GC invocations=131 (full 9):
 def new generation   total 85312K, used 5525K [0x05c00000, 0x0b890000, 0x106a0000)
  eden space 75840K,   0% used [0x05c00000, 0x05c00000, 0x0a610000)
  from space 9472K,  58% used [0x0af50000, 0x0b4b5480, 0x0b890000)
  to   space 9472K,   0% used [0x0a610000, 0x0a610000, 0x0af50000)
 tenured generation   total 189440K, used 183233K [0x106a0000, 0x1bfa0000, 0x25c00000)
   the space 189440K,  96% used [0x106a0000, 0x1b9904d8, 0x1b990600, 0x1bfa0000)
 Metaspace       used 23546K, capacity 24178K, committed 24192K, reserved 24960K
}

